{"C:\\Users\\LuisA\\OneDrive\\Escritorio\\rest_api_node_ts_server\\src\\router.ts": {"path":"C:\\Users\\LuisA\\OneDrive\\Escritorio\\rest_api_node_ts_server\\src\\router.ts","statementMap":{"0":{"start":{"line":1,"column":0},"end":{"line":1,"column":31}},"1":{"start":{"line":2,"column":0},"end":{"line":2,"column":47}},"2":{"start":{"line":3,"column":0},"end":{"line":3,"column":129}},"3":{"start":{"line":4,"column":0},"end":{"line":4,"column":48}},"4":{"start":{"line":6,"column":15},"end":{"line":6,"column":23}},"5":{"start":{"line":8,"column":0},"end":{"line":8,"column":null}},"6":{"start":{"line":9,"column":0},"end":{"line":13,"column":null}},"7":{"start":{"line":15,"column":0},"end":{"line":28,"column":null}},"8":{"start":{"line":24,"column":27},"end":{"line":24,"column":36}},"9":{"start":{"line":30,"column":0},"end":{"line":43,"column":null}},"10":{"start":{"line":38,"column":29},"end":{"line":38,"column":38}},"11":{"start":{"line":45,"column":0},"end":{"line":49,"column":null}},"12":{"start":{"line":51,"column":0},"end":{"line":55,"column":null}},"13":{"start":{"line":57,"column":0},"end":{"line":57,"column":null}}},"fnMap":{"0":{"name":"(anonymous_0)","decl":{"start":{"line":24,"column":16},"end":{"line":24,"column":17}},"loc":{"start":{"line":24,"column":27},"end":{"line":24,"column":36}}},"1":{"name":"(anonymous_1)","decl":{"start":{"line":38,"column":18},"end":{"line":38,"column":19}},"loc":{"start":{"line":38,"column":29},"end":{"line":38,"column":38}}}},"branchMap":{},"s":{"0":2,"1":2,"2":2,"3":2,"4":2,"5":2,"6":2,"7":2,"8":4,"9":2,"10":5,"11":2,"12":2,"13":2},"f":{"0":4,"1":5},"b":{}}
,"C:\\Users\\LuisA\\OneDrive\\Escritorio\\rest_api_node_ts_server\\src\\server.ts": {"path":"C:\\Users\\LuisA\\OneDrive\\Escritorio\\rest_api_node_ts_server\\src\\server.ts","statementMap":{"0":{"start":{"line":7,"column":0},"end":{"line":7,"column":7}},"1":{"start":{"line":1,"column":0},"end":{"line":1,"column":29}},"2":{"start":{"line":2,"column":0},"end":{"line":2,"column":27}},"3":{"start":{"line":3,"column":0},"end":{"line":3,"column":29}},"4":{"start":{"line":4,"column":0},"end":{"line":4,"column":28}},"5":{"start":{"line":8,"column":4},"end":{"line":15,"column":5}},"6":{"start":{"line":9,"column":8},"end":{"line":9,"column":null}},"7":{"start":{"line":10,"column":8},"end":{"line":10,"column":null}},"8":{"start":{"line":14,"column":8},"end":{"line":14,"column":null}},"9":{"start":{"line":17,"column":0},"end":{"line":17,"column":null}},"10":{"start":{"line":20,"column":15},"end":{"line":20,"column":24}},"11":{"start":{"line":23,"column":0},"end":{"line":23,"column":null}},"12":{"start":{"line":25,"column":0},"end":{"line":25,"column":null}},"13":{"start":{"line":27,"column":0},"end":{"line":29,"column":null}},"14":{"start":{"line":28,"column":4},"end":{"line":28,"column":null}},"15":{"start":{"line":31,"column":0},"end":{"line":31,"column":null}}},"fnMap":{"0":{"name":"connectDB","decl":{"start":{"line":7,"column":22},"end":{"line":7,"column":31}},"loc":{"start":{"line":7,"column":31},"end":{"line":16,"column":1}}},"1":{"name":"(anonymous_2)","decl":{"start":{"line":27,"column":19},"end":{"line":27,"column":20}},"loc":{"start":{"line":27,"column":32},"end":{"line":29,"column":1}}}},"branchMap":{},"s":{"0":2,"1":2,"2":2,"3":2,"4":2,"5":3,"6":3,"7":2,"8":1,"9":2,"10":2,"11":2,"12":2,"13":2,"14":1,"15":2},"f":{"0":3,"1":1},"b":{}}
,"C:\\Users\\LuisA\\OneDrive\\Escritorio\\rest_api_node_ts_server\\src\\config\\db.ts": {"path":"C:\\Users\\LuisA\\OneDrive\\Escritorio\\rest_api_node_ts_server\\src\\config\\db.ts","statementMap":{"0":{"start":{"line":1,"column":0},"end":{"line":1,"column":48}},"1":{"start":{"line":2,"column":0},"end":{"line":2,"column":27}},"2":{"start":{"line":3,"column":0},"end":{"line":3,"column":null}},"3":{"start":{"line":5,"column":11},"end":{"line":8,"column":2}},"4":{"start":{"line":11,"column":0},"end":{"line":11,"column":null}}},"fnMap":{},"branchMap":{},"s":{"0":2,"1":2,"2":2,"3":2,"4":2},"f":{},"b":{}}
,"C:\\Users\\LuisA\\OneDrive\\Escritorio\\rest_api_node_ts_server\\src\\handlers\\product.ts": {"path":"C:\\Users\\LuisA\\OneDrive\\Escritorio\\rest_api_node_ts_server\\src\\handlers\\product.ts","statementMap":{"0":{"start":{"line":2,"column":0},"end":{"line":2,"column":45}},"1":{"start":{"line":4,"column":27},"end":{"line":11,"column":1}},"2":{"start":{"line":5,"column":19},"end":{"line":9,"column":4}},"3":{"start":{"line":10,"column":2},"end":{"line":10,"column":null}},"4":{"start":{"line":4,"column":13},"end":{"line":4,"column":27}},"5":{"start":{"line":13,"column":30},"end":{"line":23,"column":1}},"6":{"start":{"line":14,"column":18},"end":{"line":14,"column":28}},"7":{"start":{"line":16,"column":19},"end":{"line":16,"column":45}},"8":{"start":{"line":18,"column":3},"end":{"line":21,"column":5}},"9":{"start":{"line":19,"column":5},"end":{"line":19,"column":63}},"10":{"start":{"line":20,"column":5},"end":{"line":20,"column":12}},"11":{"start":{"line":22,"column":4},"end":{"line":22,"column":32}},"12":{"start":{"line":13,"column":13},"end":{"line":13,"column":30}},"13":{"start":{"line":26,"column":29},"end":{"line":29,"column":1}},"14":{"start":{"line":27,"column":18},"end":{"line":27,"column":48}},"15":{"start":{"line":28,"column":2},"end":{"line":28,"column":null}},"16":{"start":{"line":26,"column":13},"end":{"line":26,"column":29}},"17":{"start":{"line":31,"column":29},"end":{"line":45,"column":1}},"18":{"start":{"line":32,"column":19},"end":{"line":32,"column":29}},"19":{"start":{"line":34,"column":20},"end":{"line":34,"column":46}},"20":{"start":{"line":36,"column":4},"end":{"line":39,"column":5}},"21":{"start":{"line":37,"column":6},"end":{"line":37,"column":64}},"22":{"start":{"line":38,"column":6},"end":{"line":38,"column":13}},"23":{"start":{"line":41,"column":4},"end":{"line":41,"column":null}},"24":{"start":{"line":42,"column":4},"end":{"line":42,"column":null}},"25":{"start":{"line":44,"column":4},"end":{"line":44,"column":null}},"26":{"start":{"line":31,"column":13},"end":{"line":31,"column":29}},"27":{"start":{"line":47,"column":34},"end":{"line":60,"column":1}},"28":{"start":{"line":48,"column":19},"end":{"line":48,"column":29}},"29":{"start":{"line":50,"column":20},"end":{"line":50,"column":46}},"30":{"start":{"line":52,"column":4},"end":{"line":55,"column":5}},"31":{"start":{"line":53,"column":6},"end":{"line":53,"column":64}},"32":{"start":{"line":54,"column":6},"end":{"line":54,"column":13}},"33":{"start":{"line":57,"column":4},"end":{"line":57,"column":null}},"34":{"start":{"line":58,"column":4},"end":{"line":58,"column":null}},"35":{"start":{"line":59,"column":4},"end":{"line":59,"column":null}},"36":{"start":{"line":47,"column":13},"end":{"line":47,"column":34}},"37":{"start":{"line":62,"column":29},"end":{"line":74,"column":1}},"38":{"start":{"line":63,"column":19},"end":{"line":63,"column":29}},"39":{"start":{"line":65,"column":20},"end":{"line":65,"column":46}},"40":{"start":{"line":67,"column":4},"end":{"line":70,"column":5}},"41":{"start":{"line":68,"column":6},"end":{"line":68,"column":64}},"42":{"start":{"line":69,"column":6},"end":{"line":69,"column":13}},"43":{"start":{"line":72,"column":4},"end":{"line":72,"column":null}},"44":{"start":{"line":73,"column":4},"end":{"line":73,"column":null}},"45":{"start":{"line":62,"column":13},"end":{"line":62,"column":29}}},"fnMap":{"0":{"name":"(anonymous_1)","decl":{"start":{"line":4,"column":27},"end":{"line":4,"column":32}},"loc":{"start":{"line":4,"column":65},"end":{"line":11,"column":1}}},"1":{"name":"(anonymous_2)","decl":{"start":{"line":13,"column":30},"end":{"line":13,"column":35}},"loc":{"start":{"line":13,"column":83},"end":{"line":23,"column":1}}},"2":{"name":"(anonymous_3)","decl":{"start":{"line":26,"column":29},"end":{"line":26,"column":34}},"loc":{"start":{"line":26,"column":68},"end":{"line":29,"column":1}}},"3":{"name":"(anonymous_4)","decl":{"start":{"line":31,"column":29},"end":{"line":31,"column":34}},"loc":{"start":{"line":31,"column":67},"end":{"line":45,"column":1}}},"4":{"name":"(anonymous_5)","decl":{"start":{"line":47,"column":34},"end":{"line":47,"column":39}},"loc":{"start":{"line":47,"column":72},"end":{"line":60,"column":1}}},"5":{"name":"(anonymous_6)","decl":{"start":{"line":62,"column":29},"end":{"line":62,"column":34}},"loc":{"start":{"line":62,"column":67},"end":{"line":74,"column":1}}}},"branchMap":{"0":{"loc":{"start":{"line":18,"column":3},"end":{"line":21,"column":5}},"type":"if","locations":[{"start":{"line":18,"column":3},"end":{"line":21,"column":5}}]},"1":{"loc":{"start":{"line":36,"column":4},"end":{"line":39,"column":5}},"type":"if","locations":[{"start":{"line":36,"column":4},"end":{"line":39,"column":5}}]},"2":{"loc":{"start":{"line":52,"column":4},"end":{"line":55,"column":5}},"type":"if","locations":[{"start":{"line":52,"column":4},"end":{"line":55,"column":5}}]},"3":{"loc":{"start":{"line":67,"column":4},"end":{"line":70,"column":5}},"type":"if","locations":[{"start":{"line":67,"column":4},"end":{"line":70,"column":5}}]}},"s":{"0":2,"1":2,"2":2,"3":2,"4":2,"5":2,"6":2,"7":2,"8":2,"9":1,"10":1,"11":1,"12":2,"13":2,"14":1,"15":1,"16":2,"17":2,"18":2,"19":2,"20":2,"21":1,"22":1,"23":1,"24":1,"25":1,"26":2,"27":2,"28":2,"29":2,"30":2,"31":1,"32":1,"33":1,"34":1,"35":1,"36":2,"37":2,"38":2,"39":2,"40":2,"41":1,"42":1,"43":1,"44":1,"45":2},"f":{"0":2,"1":2,"2":1,"3":2,"4":2,"5":2},"b":{"0":[1],"1":[1],"2":[1],"3":[1]}}
,"C:\\Users\\LuisA\\OneDrive\\Escritorio\\rest_api_node_ts_server\\src\\middleware\\index.ts": {"path":"C:\\Users\\LuisA\\OneDrive\\Escritorio\\rest_api_node_ts_server\\src\\middleware\\index.ts","statementMap":{"0":{"start":{"line":2,"column":0},"end":{"line":2,"column":52}},"1":{"start":{"line":4,"column":33},"end":{"line":10,"column":1}},"2":{"start":{"line":5,"column":17},"end":{"line":5,"column":38}},"3":{"start":{"line":6,"column":2},"end":{"line":8,"column":3}},"4":{"start":{"line":7,"column":4},"end":{"line":7,"column":60}},"5":{"start":{"line":9,"column":2},"end":{"line":9,"column":9}},"6":{"start":{"line":4,"column":13},"end":{"line":4,"column":33}}},"fnMap":{"0":{"name":"(anonymous_0)","decl":{"start":{"line":4,"column":33},"end":{"line":4,"column":38}},"loc":{"start":{"line":4,"column":58},"end":{"line":10,"column":1}}}},"branchMap":{"0":{"loc":{"start":{"line":6,"column":2},"end":{"line":8,"column":3}},"type":"if","locations":[{"start":{"line":6,"column":2},"end":{"line":8,"column":3}}]}},"s":{"0":2,"1":2,"2":17,"3":17,"4":8,"5":9,"6":2},"f":{"0":17},"b":{"0":[8]}}
,"C:\\Users\\LuisA\\OneDrive\\Escritorio\\rest_api_node_ts_server\\src\\models\\Product.model.ts": {"path":"C:\\Users\\LuisA\\OneDrive\\Escritorio\\rest_api_node_ts_server\\src\\models\\Product.model.ts","statementMap":{"0":{"start":{"line":1,"column":0},"end":{"line":1,"column":78}},"1":{"start":{"line":7,"column":0},"end":{"line":23,"column":null}},"2":{"start":{"line":11,"column":12},"end":{"line":11,"column":null}},"3":{"start":{"line":16,"column":12},"end":{"line":16,"column":null}},"4":{"start":{"line":22,"column":12},"end":{"line":22,"column":null}},"5":{"start":{"line":7,"column":6},"end":{"line":23,"column":null}},"6":{"start":{"line":24,"column":0},"end":{"line":24,"column":null}}},"fnMap":{},"branchMap":{},"s":{"0":3,"1":3,"2":3,"3":3,"4":3,"5":3,"6":3},"f":{},"b":{}}
}
